<?xml version="1.0" encoding="utf-8"?><testsuites><testsuite errors="0" failures="0" hostname="Ilyas-MacBook-Pro.local" name="pytest" skipped="1" tests="11" time="49.705" timestamp="2022-09-02T00:13:39.075828"><testcase classname="tests.broadcaster_ui.event_components.control_room.test_teleprompter_qa.TestTeleprompterQA" name="test_teleprompter_qa_no_category_set" time="21.579"></testcase><testcase classname="tests.broadcaster_ui.event_components.control_room.test_teleprompter_qa.TestTeleprompterQA" name="test_teleprompter_qa_add_categories" time="1.415"></testcase><testcase classname="tests.broadcaster_ui.event_components.control_room.test_teleprompter_qa.TestTeleprompterQA" name="test_teleprompter_qa_set_category" time="1.175"></testcase><testcase classname="tests.broadcaster_ui.event_components.control_room.test_teleprompter_qa.TestTeleprompterQA" name="test_teleprompter_qa_set_bg_colors_category" time="3.050"></testcase><testcase classname="tests.broadcaster_ui.event_components.control_room.test_teleprompter_qa.TestTeleprompterQA" name="test_teleprompter_qa_add_question_to_category" time="15.704"></testcase><testcase classname="tests.broadcaster_ui.event_components.control_room.test_teleprompter_qa.TestTeleprompterQA" name="test_teleprompter_qa_switch_category" time="1.659"></testcase><testcase classname="tests.broadcaster_ui.event_components.control_room.test_teleprompter_qa.TestTeleprompterQA" name="test_teleprompter_qa_check_reply" time="0.424"></testcase><testcase classname="tests.broadcaster_ui.event_components.control_room.test_teleprompter_qa.TestTeleprompterQA" name="test_teleprompter_qa_reassign_question" time="0.397"></testcase><testcase classname="tests.broadcaster_ui.event_components.control_room.test_teleprompter_qa.TestTeleprompterQA" name="test_teleprompter_qa_rename_category" time="1.493"></testcase><testcase classname="tests.broadcaster_ui.event_components.control_room.test_teleprompter_qa.TestTeleprompterQA" name="test_teleprompter_qa_delete_question" time="0.513"></testcase><testcase classname="tests.broadcaster_ui.event_components.control_room.test_teleprompter_qa.TestTeleprompterQA" name="test_teleprompter_qa_delete_category" time="2.247"><skipped message="" type="pytest.xfail"></skipped></testcase></testsuite></testsuites>